<?xml version="1.0" encoding="UTF-8"?>
<testsuite name="CardGameTest" tests="1" skipped="0" failures="0" errors="0" timestamp="2022-04-11T17:15:13" hostname="LAPTOP-V78T3SEN" time="3.803">
  <properties/>
  <testcase name="start" classname="CardGameTest" time="3.803"/>
  <system-out><![CDATA[?[1;31m
Start test 1?[0m
Indigo Card Game
Play first?
> yes
Initial cards on the table: 10♣ 6♦ 3♥ J♥

4 cards on the table, and the top card is J♥
Cards in hand: 1)9♥ 2)A♥ 3)8♥ 4)Q♠ 5)3♣ 6)9♣ 
Choose a card to play (1-6):
> 1
Player wins cards
Score: Player 2 - Computer 0
Cards: Player 5 - Computer 0

No cards on the table
A♣ 8♠ J♦ A♠ 7♥ Q♥
Computer plays 7♥

1 cards on the table, and the top card is 7♥
Cards in hand: 1)A♥ 2)8♥ 3)Q♠ 4)3♣ 5)9♣ 
Choose a card to play (1-5):
> 1
Player wins cards
Score: Player 3 - Computer 0
Cards: Player 7 - Computer 0

No cards on the table
A♣ 8♠ J♦ A♠ Q♥
Computer plays 8♠

1 cards on the table, and the top card is 8♠
Cards in hand: 1)8♥ 2)Q♠ 3)3♣ 4)9♣ 
Choose a card to play (1-4):
> 1
Player wins cards
Score: Player 3 - Computer 0
Cards: Player 9 - Computer 0

No cards on the table
A♣ J♦ A♠ Q♥
Computer plays A♠

1 cards on the table, and the top card is A♠
Cards in hand: 1)Q♠ 2)3♣ 3)9♣ 
Choose a card to play (1-3):
> 1
Player wins cards
Score: Player 5 - Computer 0
Cards: Player 11 - Computer 0

No cards on the table
A♣ J♦ Q♥
Computer plays J♦

1 cards on the table, and the top card is J♦
Cards in hand: 1)3♣ 2)9♣ 
Choose a card to play (1-2):
> 1

2 cards on the table, and the top card is 3♣
A♣ Q♥
Computer plays A♣
Computer wins cards
Score: Player 5 - Computer 2
Cards: Player 11 - Computer 3

No cards on the table
Cards in hand: 1)9♣ 
Choose a card to play (1-1):
> 1

1 cards on the table, and the top card is 9♣
Q♥
Computer plays Q♥

2 cards on the table, and the top card is Q♥
Cards in hand: 1)6♠ 2)2♥ 3)5♦ 4)3♦ 5)2♠ 6)6♥ 
Choose a card to play (1-6):
> 2
Player wins cards
Score: Player 6 - Computer 2
Cards: Player 14 - Computer 3

No cards on the table
4♦ 8♦ 4♠ 4♣ 5♣ 10♠
Computer plays 4♦

1 cards on the table, and the top card is 4♦
Cards in hand: 1)6♠ 2)5♦ 3)3♦ 4)2♠ 5)6♥ 
Choose a card to play (1-5):
> 2
Player wins cards
Score: Player 6 - Computer 2
Cards: Player 16 - Computer 3

No cards on the table
8♦ 4♠ 4♣ 5♣ 10♠
Computer plays 10♠

1 cards on the table, and the top card is 10♠
Cards in hand: 1)6♠ 2)3♦ 3)2♠ 4)6♥ 
Choose a card to play (1-4):
> 1
Player wins cards
Score: Player 7 - Computer 2
Cards: Player 18 - Computer 3

No cards on the table
8♦ 4♠ 4♣ 5♣
Computer plays 5♣

1 cards on the table, and the top card is 5♣
Cards in hand: 1)3♦ 2)2♠ 3)6♥ 
Choose a card to play (1-3):
> 1

2 cards on the table, and the top card is 3♦
8♦ 4♠ 4♣
Computer plays 8♦
Computer wins cards
Score: Player 7 - Computer 2
Cards: Player 18 - Computer 6

No cards on the table
Cards in hand: 1)2♠ 2)6♥ 
Choose a card to play (1-2):
> 1

1 cards on the table, and the top card is 2♠
4♠ 4♣
Computer plays 4♠
Computer wins cards
Score: Player 7 - Computer 2
Cards: Player 18 - Computer 8

No cards on the table
Cards in hand: 1)6♥ 
Choose a card to play (1-1):
> 1

1 cards on the table, and the top card is 6♥
4♣
Computer plays 4♣

2 cards on the table, and the top card is 4♣
Cards in hand: 1)K♥ 2)2♣ 3)J♣ 4)K♠ 5)8♣ 6)5♠ 
Choose a card to play (1-6):
> 2
Player wins cards
Score: Player 7 - Computer 2
Cards: Player 21 - Computer 8

No cards on the table
3♠ K♣ 9♦ 7♠ Q♦ A♦
Computer plays 7♠

1 cards on the table, and the top card is 7♠
Cards in hand: 1)K♥ 2)J♣ 3)K♠ 4)8♣ 5)5♠ 
Choose a card to play (1-5):
> 3
Player wins cards
Score: Player 8 - Computer 2
Cards: Player 23 - Computer 8

No cards on the table
3♠ K♣ 9♦ Q♦ A♦
Computer plays 9♦

1 cards on the table, and the top card is 9♦
Cards in hand: 1)K♥ 2)J♣ 3)8♣ 4)5♠ 
Choose a card to play (1-4):
> 2

2 cards on the table, and the top card is J♣
3♠ K♣ Q♦ A♦
Computer plays K♣
Computer wins cards
Score: Player 8 - Computer 4
Cards: Player 23 - Computer 11

No cards on the table
Cards in hand: 1)K♥ 2)8♣ 3)5♠ 
Choose a card to play (1-3):
> 1

1 cards on the table, and the top card is K♥
3♠ Q♦ A♦
Computer plays Q♦

2 cards on the table, and the top card is Q♦
Cards in hand: 1)8♣ 2)5♠ 
Choose a card to play (1-2):
> 1

3 cards on the table, and the top card is 8♣
3♠ A♦
Computer plays A♦

4 cards on the table, and the top card is A♦
Cards in hand: 1)5♠ 
Choose a card to play (1-1):
> 1

5 cards on the table, and the top card is 5♠
3♠
Computer plays 3♠
Computer wins cards
Score: Player 8 - Computer 7
Cards: Player 23 - Computer 17

No cards on the table
Cards in hand: 1)5♥ 2)K♦ 3)2♦ 4)7♣ 5)6♣ 6)J♠ 
Choose a card to play (1-6):
> 6

1 cards on the table, and the top card is J♠
10♦ 10♥ Q♣ 4♥ 9♠ 7♦
Computer plays 9♠
Computer wins cards
Score: Player 8 - Computer 8
Cards: Player 23 - Computer 19

No cards on the table
Cards in hand: 1)5♥ 2)K♦ 3)2♦ 4)7♣ 5)6♣ 
Choose a card to play (1-5):
> 2

1 cards on the table, and the top card is K♦
10♦ 10♥ Q♣ 4♥ 7♦
Computer plays 7♦
Computer wins cards
Score: Player 8 - Computer 9
Cards: Player 23 - Computer 21

No cards on the table
Cards in hand: 1)5♥ 2)2♦ 3)7♣ 4)6♣ 
Choose a card to play (1-4):
> 2

1 cards on the table, and the top card is 2♦
10♦ 10♥ Q♣ 4♥
Computer plays 10♦
Computer wins cards
Score: Player 8 - Computer 10
Cards: Player 23 - Computer 23

No cards on the table
Cards in hand: 1)5♥ 2)7♣ 3)6♣ 
Choose a card to play (1-3):
> 2

1 cards on the table, and the top card is 7♣
10♥ Q♣ 4♥
Computer plays Q♣
Computer wins cards
Score: Player 8 - Computer 11
Cards: Player 23 - Computer 25

No cards on the table
Cards in hand: 1)5♥ 2)6♣ 
Choose a card to play (1-2):
> 2

1 cards on the table, and the top card is 6♣
10♥ 4♥
Computer plays 10♥

2 cards on the table, and the top card is 10♥
Cards in hand: 1)5♥ 
Choose a card to play (1-1):
> 1
Player wins cards
Score: Player 9 - Computer 11
Cards: Player 26 - Computer 25

No cards on the table
4♥
Computer plays 4♥

1 cards on the table, and the top card is 4♥
Score: Player 12 - Computer 11
Cards: Player 27 - Computer 25
Game Over
Indigo Card Game
Play first?
> yes
Initial cards on the table: 2♥ 8♠ 5♦ 2♦

4 cards on the table, and the top card is 2♦
Cards in hand: 1)Q♠ 2)7♠ 3)K♥ 4)4♥ 5)5♣ 6)6♣ 
Choose a card to play (1-6):
> 1

5 cards on the table, and the top card is Q♠
J♦ 4♦ 9♣ 10♣ K♠ 3♠
Computer plays K♠
Computer wins cards
Score: Player 0 - Computer 2
Cards: Player 0 - Computer 6

No cards on the table
Cards in hand: 1)7♠ 2)K♥ 3)4♥ 4)5♣ 5)6♣ 
Choose a card to play (1-5):
> 1

1 cards on the table, and the top card is 7♠
J♦ 4♦ 9♣ 10♣ 3♠
Computer plays 3♠
Computer wins cards
Score: Player 0 - Computer 2
Cards: Player 0 - Computer 8

No cards on the table
Cards in hand: 1)K♥ 2)4♥ 3)5♣ 4)6♣ 
Choose a card to play (1-4):
> 1

1 cards on the table, and the top card is K♥
J♦ 4♦ 9♣ 10♣
Computer plays 9♣

2 cards on the table, and the top card is 9♣
Cards in hand: 1)4♥ 2)5♣ 3)6♣ 
Choose a card to play (1-3):
> 2
Player wins cards
Score: Player 1 - Computer 2
Cards: Player 3 - Computer 8

No cards on the table
J♦ 4♦ 10♣
Computer plays J♦

1 cards on the table, and the top card is J♦
Cards in hand: 1)4♥ 2)6♣ 
Choose a card to play (1-2):
> 1

2 cards on the table, and the top card is 4♥
4♦ 10♣
Computer plays 4♦
Computer wins cards
Score: Player 1 - Computer 3
Cards: Player 3 - Computer 11

No cards on the table
Cards in hand: 1)6♣ 
Choose a card to play (1-1):
> 1

1 cards on the table, and the top card is 6♣
10♣
Computer plays 10♣
Computer wins cards
Score: Player 1 - Computer 4
Cards: Player 3 - Computer 13

No cards on the table
Cards in hand: 1)10♠ 2)A♠ 3)7♣ 4)Q♥ 5)6♠ 6)Q♦ 
Choose a card to play (1-6):
> 1

1 cards on the table, and the top card is 10♠
K♣ A♦ 3♦ 2♣ 6♥ A♥
Computer plays 6♥

2 cards on the table, and the top card is 6♥
Cards in hand: 1)A♠ 2)7♣ 3)Q♥ 4)6♠ 5)Q♦ 
Choose a card to play (1-5):
> 3
Player wins cards
Score: Player 3 - Computer 4
Cards: Player 6 - Computer 13

No cards on the table
K♣ A♦ 3♦ 2♣ A♥
Computer plays A♦

1 cards on the table, and the top card is A♦
Cards in hand: 1)A♠ 2)7♣ 3)6♠ 4)Q♦ 
Choose a card to play (1-4):
> 1
Player wins cards
Score: Player 5 - Computer 4
Cards: Player 8 - Computer 13

No cards on the table
K♣ 3♦ 2♣ A♥
Computer plays K♣

1 cards on the table, and the top card is K♣
Cards in hand: 1)7♣ 2)6♠ 3)Q♦ 
Choose a card to play (1-3):
> 1
Player wins cards
Score: Player 6 - Computer 4
Cards: Player 10 - Computer 13

No cards on the table
3♦ 2♣ A♥
Computer plays 3♦

1 cards on the table, and the top card is 3♦
Cards in hand: 1)6♠ 2)Q♦ 
Choose a card to play (1-2):
> 2
Player wins cards
Score: Player 7 - Computer 4
Cards: Player 12 - Computer 13

No cards on the table
2♣ A♥
Computer plays A♥

1 cards on the table, and the top card is A♥
Cards in hand: 1)6♠ 
Choose a card to play (1-1):
> 1

2 cards on the table, and the top card is 6♠
2♣
Computer plays 2♣

3 cards on the table, and the top card is 2♣
Cards in hand: 1)9♦ 2)J♥ 3)9♥ 4)3♣ 5)7♦ 6)K♦ 
Choose a card to play (1-6):
> 4
Player wins cards
Score: Player 8 - Computer 4
Cards: Player 16 - Computer 13

No cards on the table
6♦ 2♠ J♣ J♠ 8♦ Q♣
Computer plays 8♦

1 cards on the table, and the top card is 8♦
Cards in hand: 1)9♦ 2)J♥ 3)9♥ 4)7♦ 5)K♦ 
Choose a card to play (1-5):
> 1
Player wins cards
Score: Player 8 - Computer 4
Cards: Player 18 - Computer 13

No cards on the table
6♦ 2♠ J♣ J♠ Q♣
Computer plays Q♣

1 cards on the table, and the top card is Q♣
Cards in hand: 1)J♥ 2)9♥ 3)7♦ 4)K♦ 
Choose a card to play (1-4):
> 1

2 cards on the table, and the top card is J♥
6♦ 2♠ J♣ J♠
Computer plays J♠
Computer wins cards
Score: Player 8 - Computer 7
Cards: Player 18 - Computer 16

No cards on the table
Cards in hand: 1)9♥ 2)7♦ 3)K♦ 
Choose a card to play (1-3):
> 2

1 cards on the table, and the top card is 7♦
6♦ 2♠ J♣
Computer plays 6♦
Computer wins cards
Score: Player 8 - Computer 7
Cards: Player 18 - Computer 18

No cards on the table
Cards in hand: 1)9♥ 2)K♦ 
Choose a card to play (1-2):
> 2

1 cards on the table, and the top card is K♦
2♠ J♣
Computer plays J♣

2 cards on the table, and the top card is J♣
Cards in hand: 1)9♥ 
Choose a card to play (1-1):
> 1

3 cards on the table, and the top card is 9♥
2♠
Computer plays 2♠

4 cards on the table, and the top card is 2♠
Cards in hand: 1)10♥ 2)9♠ 3)4♠ 4)10♦ 5)8♥ 6)5♠ 
Choose a card to play (1-6):
> 2
Player wins cards
Score: Player 10 - Computer 7
Cards: Player 23 - Computer 18

No cards on the table
7♥ 3♥ 5♥ A♣ 4♣ 8♣
Computer plays A♣

1 cards on the table, and the top card is A♣
Cards in hand: 1)10♥ 2)4♠ 3)10♦ 4)8♥ 5)5♠ 
Choose a card to play (1-5):
> 2

2 cards on the table, and the top card is 4♠
7♥ 3♥ 5♥ 4♣ 8♣
Computer plays 4♣
Computer wins cards
Score: Player 10 - Computer 8
Cards: Player 23 - Computer 21

No cards on the table
Cards in hand: 1)10♥ 2)10♦ 3)8♥ 4)5♠ 
Choose a card to play (1-4):
> 1

1 cards on the table, and the top card is 10♥
7♥ 3♥ 5♥ 8♣
Computer plays 5♥
Computer wins cards
Score: Player 10 - Computer 9
Cards: Player 23 - Computer 23

No cards on the table
Cards in hand: 1)10♦ 2)8♥ 3)5♠ 
Choose a card to play (1-3):
> 2

1 cards on the table, and the top card is 8♥
7♥ 3♥ 8♣
Computer plays 7♥
Computer wins cards
Score: Player 10 - Computer 9
Cards: Player 23 - Computer 25

No cards on the table
Cards in hand: 1)10♦ 2)5♠ 
Choose a card to play (1-2):
> 1

1 cards on the table, and the top card is 10♦
3♥ 8♣
Computer plays 8♣

2 cards on the table, and the top card is 8♣
Cards in hand: 1)5♠ 
Choose a card to play (1-1):
> 1

3 cards on the table, and the top card is 5♠
3♥
Computer plays 3♥

4 cards on the table, and the top card is 3♥
Score: Player 10 - Computer 13
Cards: Player 23 - Computer 29
Game Over
Indigo Card Game
Play first?
> yes
Initial cards on the table: 9♥ 5♦ 10♣ 8♥

4 cards on the table, and the top card is 8♥
Cards in hand: 1)K♠ 2)9♠ 3)4♠ 4)3♣ 5)Q♠ 6)5♥ 
Choose a card to play (1-6):
> 6
Player wins cards
Score: Player 1 - Computer 0
Cards: Player 5 - Computer 0

No cards on the table
7♣ 6♠ 3♠ 2♥ 5♣ Q♣
Computer plays Q♣

1 cards on the table, and the top card is Q♣
Cards in hand: 1)K♠ 2)9♠ 3)4♠ 4)3♣ 5)Q♠ 
Choose a card to play (1-5):
> 4
Player wins cards
Score: Player 2 - Computer 0
Cards: Player 7 - Computer 0

No cards on the table
7♣ 6♠ 3♠ 2♥ 5♣
Computer plays 5♣

1 cards on the table, and the top card is 5♣
Cards in hand: 1)K♠ 2)9♠ 3)4♠ 4)Q♠ 
Choose a card to play (1-4):
> 1

2 cards on the table, and the top card is K♠
7♣ 6♠ 3♠ 2♥
Computer plays 6♠
Computer wins cards
Score: Player 2 - Computer 1
Cards: Player 7 - Computer 3

No cards on the table
Cards in hand: 1)9♠ 2)4♠ 3)Q♠ 
Choose a card to play (1-3):
> 1

1 cards on the table, and the top card is 9♠
7♣ 3♠ 2♥
Computer plays 3♠
Computer wins cards
Score: Player 2 - Computer 1
Cards: Player 7 - Computer 5

No cards on the table
Cards in hand: 1)4♠ 2)Q♠ 
Choose a card to play (1-2):
> 1

1 cards on the table, and the top card is 4♠
7♣ 2♥
Computer plays 2♥

2 cards on the table, and the top card is 2♥
Cards in hand: 1)Q♠ 
Choose a card to play (1-1):
> 1

3 cards on the table, and the top card is Q♠
7♣
Computer plays 7♣

4 cards on the table, and the top card is 7♣
Cards in hand: 1)J♦ 2)7♦ 3)4♦ 4)J♣ 5)7♠ 6)3♦ 
Choose a card to play (1-6):
> 2
Player wins cards
Score: Player 3 - Computer 1
Cards: Player 12 - Computer 5

No cards on the table
2♠ 8♦ Q♥ 9♦ 6♦ 5♠
Computer plays 6♦

1 cards on the table, and the top card is 6♦
Cards in hand: 1)J♦ 2)4♦ 3)J♣ 4)7♠ 5)3♦ 
Choose a card to play (1-5):
> 1
Player wins cards
Score: Player 4 - Computer 1
Cards: Player 14 - Computer 5

No cards on the table
2♠ 8♦ Q♥ 9♦ 5♠
Computer plays 2♠

1 cards on the table, and the top card is 2♠
Cards in hand: 1)4♦ 2)J♣ 3)7♠ 4)3♦ 
Choose a card to play (1-4):
> 3
Player wins cards
Score: Player 4 - Computer 1
Cards: Player 16 - Computer 5

No cards on the table
8♦ Q♥ 9♦ 5♠
Computer plays 8♦

1 cards on the table, and the top card is 8♦
Cards in hand: 1)4♦ 2)J♣ 3)3♦ 
Choose a card to play (1-3):
> 1
Player wins cards
Score: Player 4 - Computer 1
Cards: Player 18 - Computer 5

No cards on the table
Q♥ 9♦ 5♠
Computer plays 9♦

1 cards on the table, and the top card is 9♦
Cards in hand: 1)J♣ 2)3♦ 
Choose a card to play (1-2):
> 2
Player wins cards
Score: Player 4 - Computer 1
Cards: Player 20 - Computer 5

No cards on the table
Q♥ 5♠
Computer plays Q♥

1 cards on the table, and the top card is Q♥
Cards in hand: 1)J♣ 
Choose a card to play (1-1):
> 1

2 cards on the table, and the top card is J♣
5♠
Computer plays 5♠

3 cards on the table, and the top card is 5♠
Cards in hand: 1)10♠ 2)K♥ 3)K♣ 4)4♥ 5)3♥ 6)8♣ 
Choose a card to play (1-6):
> 1
Player wins cards
Score: Player 7 - Computer 1
Cards: Player 24 - Computer 5

No cards on the table
4♣ A♥ J♠ J♥ A♠ 2♣
Computer plays A♥

1 cards on the table, and the top card is A♥
Cards in hand: 1)K♥ 2)K♣ 3)4♥ 4)3♥ 5)8♣ 
Choose a card to play (1-5):
> 1
Player wins cards
Score: Player 9 - Computer 1
Cards: Player 26 - Computer 5

No cards on the table
4♣ J♠ J♥ A♠ 2♣
Computer plays J♠

1 cards on the table, and the top card is J♠
Cards in hand: 1)K♣ 2)4♥ 3)3♥ 4)8♣ 
Choose a card to play (1-4):
> 2

2 cards on the table, and the top card is 4♥
4♣ J♥ A♠ 2♣
Computer plays 4♣
Computer wins cards
Score: Player 9 - Computer 2
Cards: Player 26 - Computer 8

No cards on the table
Cards in hand: 1)K♣ 2)3♥ 3)8♣ 
Choose a card to play (1-3):
> 1

1 cards on the table, and the top card is K♣
J♥ A♠ 2♣
Computer plays 2♣
Computer wins cards
Score: Player 9 - Computer 3
Cards: Player 26 - Computer 10

No cards on the table
Cards in hand: 1)3♥ 2)8♣ 
Choose a card to play (1-2):
> 2

1 cards on the table, and the top card is 8♣
J♥ A♠
Computer plays A♠

2 cards on the table, and the top card is A♠
Cards in hand: 1)3♥ 
Choose a card to play (1-1):
> 1

3 cards on the table, and the top card is 3♥
J♥
Computer plays J♥
Computer wins cards
Score: Player 9 - Computer 5
Cards: Player 26 - Computer 14

No cards on the table
Cards in hand: 1)K♦ 2)6♣ 3)10♦ 4)A♣ 5)9♣ 6)8♠ 
Choose a card to play (1-6):
> 1

1 cards on the table, and the top card is K♦
A♦ Q♦ 6♥ 7♥ 10♥ 2♦
Computer plays A♦
Computer wins cards
Score: Player 9 - Computer 7
Cards: Player 26 - Computer 16

No cards on the table
Cards in hand: 1)6♣ 2)10♦ 3)A♣ 4)9♣ 5)8♠ 
Choose a card to play (1-5):
> 2

1 cards on the table, and the top card is 10♦
Q♦ 6♥ 7♥ 10♥ 2♦
Computer plays Q♦
Computer wins cards
Score: Player 9 - Computer 9
Cards: Player 26 - Computer 18

No cards on the table
Cards in hand: 1)6♣ 2)A♣ 3)9♣ 4)8♠ 
Choose a card to play (1-4):
> 1

1 cards on the table, and the top card is 6♣
6♥ 7♥ 10♥ 2♦
Computer plays 6♥
Computer wins cards
Score: Player 9 - Computer 9
Cards: Player 26 - Computer 20

No cards on the table
Cards in hand: 1)A♣ 2)9♣ 3)8♠ 
Choose a card to play (1-3):
> 1

1 cards on the table, and the top card is A♣
7♥ 10♥ 2♦
Computer plays 7♥

2 cards on the table, and the top card is 7♥
Cards in hand: 1)9♣ 2)8♠ 
Choose a card to play (1-2):
> 1

3 cards on the table, and the top card is 9♣
10♥ 2♦
Computer plays 2♦

4 cards on the table, and the top card is 2♦
Cards in hand: 1)8♠ 
Choose a card to play (1-1):
> 1

5 cards on the table, and the top card is 8♠
10♥
Computer plays 10♥

6 cards on the table, and the top card is 10♥
Score: Player 12 - Computer 11
Cards: Player 26 - Computer 26
Game Over
Indigo Card Game
Play first?
> yes
Initial cards on the table: 9♠ 10♥ 2♥ Q♣

4 cards on the table, and the top card is Q♣
Cards in hand: 1)7♥ 2)4♠ 3)7♣ 4)5♠ 5)J♦ 6)10♦ 
Choose a card to play (1-6):
> 3
Player wins cards
Score: Player 2 - Computer 0
Cards: Player 5 - Computer 0

No cards on the table
8♦ K♣ 10♠ 8♠ 2♦ 9♥
Computer plays 8♦

1 cards on the table, and the top card is 8♦
Cards in hand: 1)7♥ 2)4♠ 3)5♠ 4)J♦ 5)10♦ 
Choose a card to play (1-5):
> 4
Player wins cards
Score: Player 3 - Computer 0
Cards: Player 7 - Computer 0

No cards on the table
K♣ 10♠ 8♠ 2♦ 9♥
Computer plays 10♠

1 cards on the table, and the top card is 10♠
Cards in hand: 1)7♥ 2)4♠ 3)5♠ 4)10♦ 
Choose a card to play (1-4):
> 2
Player wins cards
Score: Player 4 - Computer 0
Cards: Player 9 - Computer 0

No cards on the table
K♣ 8♠ 2♦ 9♥
Computer plays 2♦

1 cards on the table, and the top card is 2♦
Cards in hand: 1)7♥ 2)5♠ 3)10♦ 
Choose a card to play (1-3):
> 3
Player wins cards
Score: Player 5 - Computer 0
Cards: Player 11 - Computer 0

No cards on the table
K♣ 8♠ 9♥
Computer plays 8♠

1 cards on the table, and the top card is 8♠
Cards in hand: 1)7♥ 2)5♠ 
Choose a card to play (1-2):
> 2
Player wins cards
Score: Player 5 - Computer 0
Cards: Player 13 - Computer 0

No cards on the table
K♣ 9♥
Computer plays 9♥

1 cards on the table, and the top card is 9♥
Cards in hand: 1)7♥ 
Choose a card to play (1-1):
> 1
Player wins cards
Score: Player 5 - Computer 0
Cards: Player 15 - Computer 0

No cards on the table
K♣
Computer plays K♣

1 cards on the table, and the top card is K♣
Cards in hand: 1)3♦ 2)8♥ 3)6♣ 4)5♥ 5)Q♠ 6)Q♥ 
Choose a card to play (1-6):
> 3
Player wins cards
Score: Player 6 - Computer 0
Cards: Player 17 - Computer 0

No cards on the table
4♥ K♦ 6♥ 5♦ 2♣ J♣
Computer plays 4♥

1 cards on the table, and the top card is 4♥
Cards in hand: 1)3♦ 2)8♥ 3)5♥ 4)Q♠ 5)Q♥ 
Choose a card to play (1-5):
> 2
Player wins cards
Score: Player 6 - Computer 0
Cards: Player 19 - Computer 0

No cards on the table
K♦ 6♥ 5♦ 2♣ J♣
Computer plays 5♦

1 cards on the table, and the top card is 5♦
Cards in hand: 1)3♦ 2)5♥ 3)Q♠ 4)Q♥ 
Choose a card to play (1-4):
> 1
Player wins cards
Score: Player 6 - Computer 0
Cards: Player 21 - Computer 0

No cards on the table
K♦ 6♥ 2♣ J♣
Computer plays J♣

1 cards on the table, and the top card is J♣
Cards in hand: 1)5♥ 2)Q♠ 3)Q♥ 
Choose a card to play (1-3):
> 1

2 cards on the table, and the top card is 5♥
K♦ 6♥ 2♣
Computer plays 6♥
Computer wins cards
Score: Player 6 - Computer 1
Cards: Player 21 - Computer 3

No cards on the table
Cards in hand: 1)Q♠ 2)Q♥ 
Choose a card to play (1-2):
> 2

1 cards on the table, and the top card is Q♥
K♦ 2♣
Computer plays K♦

2 cards on the table, and the top card is K♦
Cards in hand: 1)Q♠ 
Choose a card to play (1-1):
> 1

3 cards on the table, and the top card is Q♠
2♣
Computer plays 2♣

4 cards on the table, and the top card is 2♣
Cards in hand: 1)9♦ 2)8♣ 3)6♠ 4)9♣ 5)A♥ 6)5♣ 
Choose a card to play (1-6):
> 2
Player wins cards
Score: Player 9 - Computer 1
Cards: Player 26 - Computer 3

No cards on the table
3♠ 7♠ K♥ A♠ 4♣ 10♣
Computer plays 4♣

1 cards on the table, and the top card is 4♣
Cards in hand: 1)9♦ 2)6♠ 3)9♣ 4)A♥ 5)5♣ 
Choose a card to play (1-5):
> 3
Player wins cards
Score: Player 9 - Computer 1
Cards: Player 28 - Computer 3

No cards on the table
3♠ 7♠ K♥ A♠ 10♣
Computer plays 3♠

1 cards on the table, and the top card is 3♠
Cards in hand: 1)9♦ 2)6♠ 3)A♥ 4)5♣ 
Choose a card to play (1-4):
> 2
Player wins cards
Score: Player 9 - Computer 1
Cards: Player 30 - Computer 3

No cards on the table
7♠ K♥ A♠ 10♣
Computer plays A♠

1 cards on the table, and the top card is A♠
Cards in hand: 1)9♦ 2)A♥ 3)5♣ 
Choose a card to play (1-3):
> 2
Player wins cards
Score: Player 11 - Computer 1
Cards: Player 32 - Computer 3

No cards on the table
7♠ K♥ 10♣
Computer plays K♥

1 cards on the table, and the top card is K♥
Cards in hand: 1)9♦ 2)5♣ 
Choose a card to play (1-2):
> 1

2 cards on the table, and the top card is 9♦
7♠ 10♣
Computer plays 10♣

3 cards on the table, and the top card is 10♣
Cards in hand: 1)5♣ 
Choose a card to play (1-1):
> 1
Player wins cards
Score: Player 13 - Computer 1
Cards: Player 36 - Computer 3

No cards on the table
7♠
Computer plays 7♠

1 cards on the table, and the top card is 7♠
Cards in hand: 1)Q♦ 2)4♦ 3)J♠ 4)6♦ 5)3♥ 6)7♦ 
Choose a card to play (1-6):
> 3
Player wins cards
Score: Player 14 - Computer 1
Cards: Player 38 - Computer 3

No cards on the table
A♦ J♥ K♠ 2♠ A♣ 3♣
Computer plays 2♠

1 cards on the table, and the top card is 2♠
Cards in hand: 1)Q♦ 2)4♦ 3)6♦ 4)3♥ 5)7♦ 
Choose a card to play (1-5):
> 1

2 cards on the table, and the top card is Q♦
A♦ J♥ K♠ A♣ 3♣
Computer plays A♦
Computer wins cards
Score: Player 14 - Computer 3
Cards: Player 38 - Computer 6

No cards on the table
Cards in hand: 1)4♦ 2)6♦ 3)3♥ 4)7♦ 
Choose a card to play (1-4):
> 1

1 cards on the table, and the top card is 4♦
J♥ K♠ A♣ 3♣
Computer plays 3♣

2 cards on the table, and the top card is 3♣
Cards in hand: 1)6♦ 2)3♥ 3)7♦ 
Choose a card to play (1-3):
> 2
Player wins cards
Score: Player 14 - Computer 3
Cards: Player 41 - Computer 6

No cards on the table
J♥ K♠ A♣
Computer plays K♠

1 cards on the table, and the top card is K♠
Cards in hand: 1)6♦ 2)7♦ 
Choose a card to play (1-2):
> 1

2 cards on the table, and the top card is 6♦
J♥ A♣
Computer plays J♥

3 cards on the table, and the top card is J♥
Cards in hand: 1)7♦ 
Choose a card to play (1-1):
> 1

4 cards on the table, and the top card is 7♦
A♣
Computer plays A♣

5 cards on the table, and the top card is A♣
Score: Player 20 - Computer 3
Cards: Player 46 - Computer 6
Game Over
Indigo Card Game
Play first?
> yes
Initial cards on the table: 4♦ Q♠ 5♥ J♣

4 cards on the table, and the top card is J♣
Cards in hand: 1)10♣ 2)J♥ 3)2♠ 4)K♥ 5)6♥ 6)4♠ 
Choose a card to play (1-6):
> 1
Player wins cards
Score: Player 3 - Computer 0
Cards: Player 5 - Computer 0

No cards on the table
K♦ 3♠ 9♥ 8♣ J♦ 7♣
Computer plays 7♣

1 cards on the table, and the top card is 7♣
Cards in hand: 1)J♥ 2)2♠ 3)K♥ 4)6♥ 5)4♠ 
Choose a card to play (1-5):
> 2

2 cards on the table, and the top card is 2♠
K♦ 3♠ 9♥ 8♣ J♦
Computer plays 3♠
Computer wins cards
Score: Player 3 - Computer 0
Cards: Player 5 - Computer 3

No cards on the table
Cards in hand: 1)J♥ 2)K♥ 3)6♥ 4)4♠ 
Choose a card to play (1-4):
> 4

1 cards on the table, and the top card is 4♠
K♦ 9♥ 8♣ J♦
Computer plays K♦

2 cards on the table, and the top card is K♦
Cards in hand: 1)J♥ 2)K♥ 3)6♥ 
Choose a card to play (1-3):
> 2
Player wins cards
Score: Player 5 - Computer 0
Cards: Player 8 - Computer 3

No cards on the table
9♥ 8♣ J♦
Computer plays 8♣

1 cards on the table, and the top card is 8♣
Cards in hand: 1)J♥ 2)6♥ 
Choose a card to play (1-2):
> 1

2 cards on the table, and the top card is J♥
9♥ J♦
Computer plays J♦
Computer wins cards
Score: Player 5 - Computer 2
Cards: Player 8 - Computer 6

No cards on the table
Cards in hand: 1)6♥ 
Choose a card to play (1-1):
> 1

1 cards on the table, and the top card is 6♥
9♥
Computer plays 9♥
Computer wins cards
Score: Player 5 - Computer 2
Cards: Player 8 - Computer 8

No cards on the table
Cards in hand: 1)3♣ 2)3♦ 3)A♥ 4)2♦ 5)Q♣ 6)6♠ 
Choose a card to play (1-6):
> 3

1 cards on the table, and the top card is A♥
10♥ 4♣ 8♥ 9♠ 2♣ 6♦
Computer plays 10♥
Computer wins cards
Score: Player 5 - Computer 4
Cards: Player 8 - Computer 10

No cards on the table
Cards in hand: 1)3♣ 2)3♦ 3)2♦ 4)Q♣ 5)6♠ 
Choose a card to play (1-5):
> 2

1 cards on the table, and the top card is 3♦
4♣ 8♥ 9♠ 2♣ 6♦
Computer plays 6♦
Computer wins cards
Score: Player 5 - Computer 4
Cards: Player 8 - Computer 12

No cards on the table
Cards in hand: 1)3♣ 2)2♦ 3)Q♣ 4)6♠ 
Choose a card to play (1-4):
> 2

1 cards on the table, and the top card is 2♦
4♣ 8♥ 9♠ 2♣
Computer plays 2♣
Computer wins cards
Score: Player 5 - Computer 4
Cards: Player 8 - Computer 14

No cards on the table
Cards in hand: 1)3♣ 2)Q♣ 3)6♠ 
Choose a card to play (1-3):
> 1

1 cards on the table, and the top card is 3♣
4♣ 8♥ 9♠
Computer plays 4♣
Computer wins cards
Score: Player 5 - Computer 4
Cards: Player 8 - Computer 16

No cards on the table
Cards in hand: 1)Q♣ 2)6♠ 
Choose a card to play (1-2):
> 1

1 cards on the table, and the top card is Q♣
8♥ 9♠
Computer plays 9♠

2 cards on the table, and the top card is 9♠
Cards in hand: 1)6♠ 
Choose a card to play (1-1):
> 1
Player wins cards
Score: Player 6 - Computer 4
Cards: Player 11 - Computer 16

No cards on the table
8♥
Computer plays 8♥

1 cards on the table, and the top card is 8♥
Cards in hand: 1)2♥ 2)7♦ 3)A♦ 4)10♠ 5)K♠ 6)6♣ 
Choose a card to play (1-6):
> 1
Player wins cards
Score: Player 6 - Computer 4
Cards: Player 13 - Computer 16

No cards on the table
7♠ 9♣ 5♠ 7♥ 5♣ 10♦
Computer plays 9♣

1 cards on the table, and the top card is 9♣
Cards in hand: 1)7♦ 2)A♦ 3)10♠ 4)K♠ 5)6♣ 
Choose a card to play (1-5):
> 5
Player wins cards
Score: Player 6 - Computer 4
Cards: Player 15 - Computer 16

No cards on the table
7♠ 5♠ 7♥ 5♣ 10♦
Computer plays 7♠

1 cards on the table, and the top card is 7♠
Cards in hand: 1)7♦ 2)A♦ 3)10♠ 4)K♠ 
Choose a card to play (1-4):
> 3
Player wins cards
Score: Player 7 - Computer 4
Cards: Player 17 - Computer 16

No cards on the table
5♠ 7♥ 5♣ 10♦
Computer plays 5♠

1 cards on the table, and the top card is 5♠
Cards in hand: 1)7♦ 2)A♦ 3)K♠ 
Choose a card to play (1-3):
> 3
Player wins cards
Score: Player 8 - Computer 4
Cards: Player 19 - Computer 16

No cards on the table
7♥ 5♣ 10♦
Computer plays 5♣

1 cards on the table, and the top card is 5♣
Cards in hand: 1)7♦ 2)A♦ 
Choose a card to play (1-2):
> 1

2 cards on the table, and the top card is 7♦
7♥ 10♦
Computer plays 10♦
Computer wins cards
Score: Player 8 - Computer 5
Cards: Player 19 - Computer 19

No cards on the table
Cards in hand: 1)A♦ 
Choose a card to play (1-1):
> 1

1 cards on the table, and the top card is A♦
7♥
Computer plays 7♥

2 cards on the table, and the top card is 7♥
Cards in hand: 1)9♦ 2)8♠ 3)Q♦ 4)A♣ 5)A♠ 6)K♣ 
Choose a card to play (1-6):
> 2

3 cards on the table, and the top card is 8♠
5♦ 4♥ 8♦ 3♥ Q♥ J♠
Computer plays 8♦
Computer wins cards
Score: Player 8 - Computer 6
Cards: Player 19 - Computer 23

No cards on the table
Cards in hand: 1)9♦ 2)Q♦ 3)A♣ 4)A♠ 5)K♣ 
Choose a card to play (1-5):
> 1

1 cards on the table, and the top card is 9♦
5♦ 4♥ 3♥ Q♥ J♠
Computer plays 5♦
Computer wins cards
Score: Player 8 - Computer 6
Cards: Player 19 - Computer 25

No cards on the table
Cards in hand: 1)Q♦ 2)A♣ 3)A♠ 4)K♣ 
Choose a card to play (1-4):
> 1

1 cards on the table, and the top card is Q♦
4♥ 3♥ Q♥ J♠
Computer plays Q♥
Computer wins cards
Score: Player 8 - Computer 8
Cards: Player 19 - Computer 27

No cards on the table
Cards in hand: 1)A♣ 2)A♠ 3)K♣ 
Choose a card to play (1-3):
> 1

1 cards on the table, and the top card is A♣
4♥ 3♥ J♠
Computer plays 3♥

2 cards on the table, and the top card is 3♥
Cards in hand: 1)A♠ 2)K♣ 
Choose a card to play (1-2):
> 1

3 cards on the table, and the top card is A♠
4♥ J♠
Computer plays J♠
Computer wins cards
Score: Player 8 - Computer 11
Cards: Player 19 - Computer 31

No cards on the table
Cards in hand: 1)K♣ 
Choose a card to play (1-1):
> 1

1 cards on the table, and the top card is K♣
4♥
Computer plays 4♥

2 cards on the table, and the top card is 4♥
Score: Player 8 - Computer 15
Cards: Player 19 - Computer 33
Game Over
?[1;31m
Start test 2?[0m
Indigo Card Game
Play first?
> Hello
Play first?
> me
Play first?
> 0
Play first?
> play
Play first?
> yes
Initial cards on the table: 10♥ 4♦ 4♣ 6♣

4 cards on the table, and the top card is 6♣
Cards in hand: 1)3♦ 2)6♥ 3)8♥ 4)Q♠ 5)5♣ 6)J♥ 
Choose a card to play (1-6):
> exit
Game Over
?[1;31m
Start test 3?[0m
Indigo Card Game
Play first?
> no
Initial cards on the table: Q♦ 9♣ 5♥ 8♣

4 cards on the table, and the top card is 8♣
J♠ 4♥ J♦ 8♠ K♦ 3♦
Computer plays 8♠
Computer wins cards
Score: Player 0 - Computer 1
Cards: Player 0 - Computer 5

No cards on the table
Cards in hand: 1)6♣ 2)5♦ 3)6♠ 4)2♠ 5)8♥ 6)A♣ 
Choose a card to play (1-6):
> 3

1 cards on the table, and the top card is 6♠
J♠ 4♥ J♦ K♦ 3♦
Computer plays J♠
Computer wins cards
Score: Player 0 - Computer 2
Cards: Player 0 - Computer 7

No cards on the table
Cards in hand: 1)6♣ 2)5♦ 3)2♠ 4)8♥ 5)A♣ 
Choose a card to play (1-5):
> 1

1 cards on the table, and the top card is 6♣
4♥ J♦ K♦ 3♦
Computer plays K♦

2 cards on the table, and the top card is K♦
Cards in hand: 1)5♦ 2)2♠ 3)8♥ 4)A♣ 
Choose a card to play (1-4):
> 1
Player wins cards
Score: Player 1 - Computer 2
Cards: Player 3 - Computer 7

No cards on the table
4♥ J♦ 3♦
Computer plays 3♦

1 cards on the table, and the top card is 3♦
Cards in hand: 1)2♠ 2)8♥ 3)A♣ 
Choose a card to play (1-3):
> 1

2 cards on the table, and the top card is 2♠
4♥ J♦
Computer plays J♦

3 cards on the table, and the top card is J♦
Cards in hand: 1)8♥ 2)A♣ 
Choose a card to play (1-2):
> 1

4 cards on the table, and the top card is 8♥
4♥
Computer plays 4♥
Computer wins cards
Score: Player 1 - Computer 3
Cards: Player 3 - Computer 12

No cards on the table
Cards in hand: 1)A♣ 
Choose a card to play (1-1):
> 1

1 cards on the table, and the top card is A♣
10♦ 3♣ 4♣ 9♦ 3♥ K♥
Computer plays 3♣
Computer wins cards
Score: Player 1 - Computer 4
Cards: Player 3 - Computer 14

No cards on the table
Cards in hand: 1)9♥ 2)4♠ 3)K♠ 4)2♦ 5)J♣ 6)5♣ 
Choose a card to play (1-6):
> 2

1 cards on the table, and the top card is 4♠
10♦ 4♣ 9♦ 3♥ K♥
Computer plays 4♣
Computer wins cards
Score: Player 1 - Computer 4
Cards: Player 3 - Computer 16

No cards on the table
Cards in hand: 1)9♥ 2)K♠ 3)2♦ 4)J♣ 5)5♣ 
Choose a card to play (1-5):
> 4

1 cards on the table, and the top card is J♣
10♦ 9♦ 3♥ K♥
Computer plays 9♦

2 cards on the table, and the top card is 9♦
Cards in hand: 1)9♥ 2)K♠ 3)2♦ 4)5♣ 
Choose a card to play (1-4):
> 1
Player wins cards
Score: Player 2 - Computer 4
Cards: Player 6 - Computer 16

No cards on the table
10♦ 3♥ K♥
Computer plays 3♥

1 cards on the table, and the top card is 3♥
Cards in hand: 1)K♠ 2)2♦ 3)5♣ 
Choose a card to play (1-3):
> 1

2 cards on the table, and the top card is K♠
10♦ K♥
Computer plays K♥
Computer wins cards
Score: Player 2 - Computer 6
Cards: Player 6 - Computer 19

No cards on the table
Cards in hand: 1)2♦ 2)5♣ 
Choose a card to play (1-2):
> 1

1 cards on the table, and the top card is 2♦
10♦
Computer plays 10♦
Computer wins cards
Score: Player 2 - Computer 7
Cards: Player 6 - Computer 21

No cards on the table
Cards in hand: 1)5♣ 
Choose a card to play (1-1):
> 1

1 cards on the table, and the top card is 5♣
4♦ Q♠ 10♥ 7♣ 5♠ 9♠
Computer plays 7♣
Computer wins cards
Score: Player 2 - Computer 7
Cards: Player 6 - Computer 23

No cards on the table
Cards in hand: 1)8♦ 2)Q♥ 3)2♥ 4)7♦ 5)J♥ 6)Q♣ 
Choose a card to play (1-6):
> 2

1 cards on the table, and the top card is Q♥
4♦ Q♠ 10♥ 5♠ 9♠
Computer plays 10♥
Computer wins cards
Score: Player 2 - Computer 9
Cards: Player 6 - Computer 25

No cards on the table
Cards in hand: 1)8♦ 2)2♥ 3)7♦ 4)J♥ 5)Q♣ 
Choose a card to play (1-5):
> 2

1 cards on the table, and the top card is 2♥
4♦ Q♠ 5♠ 9♠
Computer plays 9♠

2 cards on the table, and the top card is 9♠
Cards in hand: 1)8♦ 2)7♦ 3)J♥ 4)Q♣ 
Choose a card to play (1-4):
> 1

3 cards on the table, and the top card is 8♦
4♦ Q♠ 5♠
Computer plays 4♦
Computer wins cards
Score: Player 2 - Computer 9
Cards: Player 6 - Computer 29

No cards on the table
Cards in hand: 1)7♦ 2)J♥ 3)Q♣ 
Choose a card to play (1-3):
> 1

1 cards on the table, and the top card is 7♦
Q♠ 5♠
Computer plays Q♠

2 cards on the table, and the top card is Q♠
Cards in hand: 1)J♥ 2)Q♣ 
Choose a card to play (1-2):
> 1

3 cards on the table, and the top card is J♥
5♠
Computer plays 5♠

4 cards on the table, and the top card is 5♠
Cards in hand: 1)Q♣ 
Choose a card to play (1-1):
> 1

5 cards on the table, and the top card is Q♣
A♠ 7♥ 2♣ 6♦ 10♣ 10♠
Computer plays 10♣
Computer wins cards
Score: Player 2 - Computer 13
Cards: Player 6 - Computer 35

No cards on the table
Cards in hand: 1)A♦ 2)A♥ 3)6♥ 4)7♠ 5)K♣ 6)3♠ 
Choose a card to play (1-6):
> 4

1 cards on the table, and the top card is 7♠
A♠ 7♥ 2♣ 6♦ 10♠
Computer plays A♠
Computer wins cards
Score: Player 2 - Computer 14
Cards: Player 6 - Computer 37

No cards on the table
Cards in hand: 1)A♦ 2)A♥ 3)6♥ 4)K♣ 5)3♠ 
Choose a card to play (1-5):
> 2

1 cards on the table, and the top card is A♥
7♥ 2♣ 6♦ 10♠
Computer plays 7♥
Computer wins cards
Score: Player 2 - Computer 15
Cards: Player 6 - Computer 39

No cards on the table
Cards in hand: 1)A♦ 2)6♥ 3)K♣ 4)3♠ 
Choose a card to play (1-4):
> 1

1 cards on the table, and the top card is A♦
2♣ 6♦ 10♠
Computer plays 6♦
Computer wins cards
Score: Player 2 - Computer 16
Cards: Player 6 - Computer 41

No cards on the table
Cards in hand: 1)6♥ 2)K♣ 3)3♠ 
Choose a card to play (1-3):
> 1

1 cards on the table, and the top card is 6♥
2♣ 10♠
Computer plays 10♠

2 cards on the table, and the top card is 10♠
Cards in hand: 1)K♣ 2)3♠ 
Choose a card to play (1-2):
> 1

3 cards on the table, and the top card is K♣
2♣
Computer plays 2♣
Computer wins cards
Score: Player 2 - Computer 18
Cards: Player 6 - Computer 45

No cards on the table
Cards in hand: 1)3♠ 
Choose a card to play (1-1):
> 1

1 cards on the table, and the top card is 3♠
Score: Player 2 - Computer 21
Cards: Player 6 - Computer 46
Game Over
Indigo Card Game
Play first?
> no
Initial cards on the table: 5♥ Q♥ 4♠ J♥

4 cards on the table, and the top card is J♥
3♥ 8♥ A♦ Q♣ 6♥ 6♠
Computer plays 6♥
Computer wins cards
Score: Player 0 - Computer 2
Cards: Player 0 - Computer 5

No cards on the table
Cards in hand: 1)A♣ 2)Q♦ 3)4♣ 4)4♦ 5)5♣ 6)K♥ 
Choose a card to play (1-6):
> 2

1 cards on the table, and the top card is Q♦
3♥ 8♥ A♦ Q♣ 6♠
Computer plays Q♣
Computer wins cards
Score: Player 0 - Computer 4
Cards: Player 0 - Computer 7

No cards on the table
Cards in hand: 1)A♣ 2)4♣ 3)4♦ 4)5♣ 5)K♥ 
Choose a card to play (1-5):
> 1

1 cards on the table, and the top card is A♣
3♥ 8♥ A♦ 6♠
Computer plays A♦
Computer wins cards
Score: Player 0 - Computer 6
Cards: Player 0 - Computer 9

No cards on the table
Cards in hand: 1)4♣ 2)4♦ 3)5♣ 4)K♥ 
Choose a card to play (1-4):
> 1

1 cards on the table, and the top card is 4♣
3♥ 8♥ 6♠
Computer plays 3♥

2 cards on the table, and the top card is 3♥
Cards in hand: 1)4♦ 2)5♣ 3)K♥ 
Choose a card to play (1-3):
> 1

3 cards on the table, and the top card is 4♦
8♥ 6♠
Computer plays 8♥

4 cards on the table, and the top card is 8♥
Cards in hand: 1)5♣ 2)K♥ 
Choose a card to play (1-2):
> 1

5 cards on the table, and the top card is 5♣
6♠
Computer plays 6♠

6 cards on the table, and the top card is 6♠
Cards in hand: 1)K♥ 
Choose a card to play (1-1):
> 1

7 cards on the table, and the top card is K♥
9♣ 10♠ 9♥ 8♦ 2♥ 8♣
Computer plays 9♥
Computer wins cards
Score: Player 0 - Computer 7
Cards: Player 0 - Computer 17

No cards on the table
Cards in hand: 1)J♦ 2)Q♠ 3)7♦ 4)K♠ 5)3♣ 6)K♦ 
Choose a card to play (1-6):
> 2

1 cards on the table, and the top card is Q♠
9♣ 10♠ 8♦ 2♥ 8♣
Computer plays 10♠
Computer wins cards
Score: Player 0 - Computer 9
Cards: Player 0 - Computer 19

No cards on the table
Cards in hand: 1)J♦ 2)7♦ 3)K♠ 4)3♣ 5)K♦ 
Choose a card to play (1-5):
> 1

1 cards on the table, and the top card is J♦
9♣ 8♦ 2♥ 8♣
Computer plays 8♦
Computer wins cards
Score: Player 0 - Computer 10
Cards: Player 0 - Computer 21

No cards on the table
Cards in hand: 1)7♦ 2)K♠ 3)3♣ 4)K♦ 
Choose a card to play (1-4):
> 1

1 cards on the table, and the top card is 7♦
9♣ 2♥ 8♣
Computer plays 8♣

2 cards on the table, and the top card is 8♣
Cards in hand: 1)K♠ 2)3♣ 3)K♦ 
Choose a card to play (1-3):
> 1

3 cards on the table, and the top card is K♠
9♣ 2♥
Computer plays 9♣

4 cards on the table, and the top card is 9♣
Cards in hand: 1)3♣ 2)K♦ 
Choose a card to play (1-2):
> 1
Player wins cards
Score: Player 1 - Computer 10
Cards: Player 5 - Computer 21

No cards on the table
2♥
Computer plays 2♥

1 cards on the table, and the top card is 2♥
Cards in hand: 1)K♦ 
Choose a card to play (1-1):
> 1

2 cards on the table, and the top card is K♦
10♥ 3♠ 6♣ K♣ 2♣ 10♣
Computer plays K♣
Computer wins cards
Score: Player 1 - Computer 12
Cards: Player 5 - Computer 24

No cards on the table
Cards in hand: 1)6♦ 2)2♠ 3)8♠ 4)5♦ 5)7♥ 6)A♥ 
Choose a card to play (1-6):
> 2

1 cards on the table, and the top card is 2♠
10♥ 3♠ 6♣ 2♣ 10♣
Computer plays 2♣
Computer wins cards
Score: Player 1 - Computer 12
Cards: Player 5 - Computer 26

No cards on the table
Cards in hand: 1)6♦ 2)8♠ 3)5♦ 4)7♥ 5)A♥ 
Choose a card to play (1-5):
> 4

1 cards on the table, and the top card is 7♥
10♥ 3♠ 6♣ 10♣
Computer plays 10♥
Computer wins cards
Score: Player 1 - Computer 13
Cards: Player 5 - Computer 28

No cards on the table
Cards in hand: 1)6♦ 2)8♠ 3)5♦ 4)A♥ 
Choose a card to play (1-4):
> 1

1 cards on the table, and the top card is 6♦
3♠ 6♣ 10♣
Computer plays 6♣
Computer wins cards
Score: Player 1 - Computer 13
Cards: Player 5 - Computer 30

No cards on the table
Cards in hand: 1)8♠ 2)5♦ 3)A♥ 
Choose a card to play (1-3):
> 1

1 cards on the table, and the top card is 8♠
3♠ 10♣
Computer plays 3♠
Computer wins cards
Score: Player 1 - Computer 13
Cards: Player 5 - Computer 32

No cards on the table
Cards in hand: 1)5♦ 2)A♥ 
Choose a card to play (1-2):
> 1

1 cards on the table, and the top card is 5♦
10♣
Computer plays 10♣

2 cards on the table, and the top card is 10♣
Cards in hand: 1)A♥ 
Choose a card to play (1-1):
> 1

3 cards on the table, and the top card is A♥
A♠ 9♦ J♠ 3♦ 7♠ 10♦
Computer plays A♠
Computer wins cards
Score: Player 1 - Computer 16
Cards: Player 5 - Computer 36

No cards on the table
Cards in hand: 1)2♦ 2)J♣ 3)9♠ 4)4♥ 5)5♠ 6)7♣ 
Choose a card to play (1-6):
> 3

1 cards on the table, and the top card is 9♠
9♦ J♠ 3♦ 7♠ 10♦
Computer plays J♠
Computer wins cards
Score: Player 1 - Computer 17
Cards: Player 5 - Computer 38

No cards on the table
Cards in hand: 1)2♦ 2)J♣ 3)4♥ 4)5♠ 5)7♣ 
Choose a card to play (1-5):
> 2

1 cards on the table, and the top card is J♣
9♦ 3♦ 7♠ 10♦
Computer plays 9♦

2 cards on the table, and the top card is 9♦
Cards in hand: 1)2♦ 2)4♥ 3)5♠ 4)7♣ 
Choose a card to play (1-4):
> 1
Player wins cards
Score: Player 2 - Computer 17
Cards: Player 8 - Computer 38

No cards on the table
3♦ 7♠ 10♦
Computer plays 3♦

1 cards on the table, and the top card is 3♦
Cards in hand: 1)4♥ 2)5♠ 3)7♣ 
Choose a card to play (1-3):
> 1

2 cards on the table, and the top card is 4♥
7♠ 10♦
Computer plays 7♠

3 cards on the table, and the top card is 7♠
Cards in hand: 1)5♠ 2)7♣ 
Choose a card to play (1-2):
> 1
Player wins cards
Score: Player 2 - Computer 17
Cards: Player 12 - Computer 38

No cards on the table
10♦
Computer plays 10♦

1 cards on the table, and the top card is 10♦
Cards in hand: 1)7♣ 
Choose a card to play (1-1):
> 1

2 cards on the table, and the top card is 7♣
Score: Player 3 - Computer 20
Cards: Player 14 - Computer 38
Game Over
Indigo Card Game
Play first?
> no
Initial cards on the table: J♠ 9♠ 3♥ Q♦

4 cards on the table, and the top card is Q♦
6♣ 2♠ 9♦ 2♦ 10♣ 8♣
Computer plays 9♦
Computer wins cards
Score: Player 0 - Computer 2
Cards: Player 0 - Computer 5

No cards on the table
Cards in hand: 1)J♦ 2)3♠ 3)9♣ 4)5♣ 5)4♥ 6)5♥ 
Choose a card to play (1-6):
> 5

1 cards on the table, and the top card is 4♥
6♣ 2♠ 2♦ 10♣ 8♣
Computer plays 10♣

2 cards on the table, and the top card is 10♣
Cards in hand: 1)J♦ 2)3♠ 3)9♣ 4)5♣ 5)5♥ 
Choose a card to play (1-5):
> 3
Player wins cards
Score: Player 1 - Computer 2
Cards: Player 3 - Computer 5

No cards on the table
6♣ 2♠ 2♦ 8♣
Computer plays 6♣

1 cards on the table, and the top card is 6♣
Cards in hand: 1)J♦ 2)3♠ 3)5♣ 4)5♥ 
Choose a card to play (1-4):
> 3
Player wins cards
Score: Player 1 - Computer 2
Cards: Player 5 - Computer 5

No cards on the table
2♠ 2♦ 8♣
Computer plays 2♦

1 cards on the table, and the top card is 2♦
Cards in hand: 1)J♦ 2)3♠ 3)5♥ 
Choose a card to play (1-3):
> 1
Player wins cards
Score: Player 2 - Computer 2
Cards: Player 7 - Computer 5

No cards on the table
2♠ 8♣
Computer plays 2♠

1 cards on the table, and the top card is 2♠
Cards in hand: 1)3♠ 2)5♥ 
Choose a card to play (1-2):
> 1
Player wins cards
Score: Player 2 - Computer 2
Cards: Player 9 - Computer 5

No cards on the table
8♣
Computer plays 8♣

1 cards on the table, and the top card is 8♣
Cards in hand: 1)5♥ 
Choose a card to play (1-1):
> 1

2 cards on the table, and the top card is 5♥
5♦ A♦ 10♥ 6♠ 9♥ 10♠
Computer plays 9♥
Computer wins cards
Score: Player 2 - Computer 2
Cards: Player 9 - Computer 8

No cards on the table
Cards in hand: 1)K♥ 2)J♣ 3)7♣ 4)5♠ 5)Q♣ 6)K♦ 
Choose a card to play (1-6):
> 2

1 cards on the table, and the top card is J♣
5♦ A♦ 10♥ 6♠ 10♠
Computer plays A♦

2 cards on the table, and the top card is A♦
Cards in hand: 1)K♥ 2)7♣ 3)5♠ 4)Q♣ 5)K♦ 
Choose a card to play (1-5):
> 2

3 cards on the table, and the top card is 7♣
5♦ 10♥ 6♠ 10♠
Computer plays 6♠

4 cards on the table, and the top card is 6♠
Cards in hand: 1)K♥ 2)5♠ 3)Q♣ 4)K♦ 
Choose a card to play (1-4):
> 1

5 cards on the table, and the top card is K♥
5♦ 10♥ 10♠
Computer plays 10♥
Computer wins cards
Score: Player 2 - Computer 6
Cards: Player 9 - Computer 14

No cards on the table
Cards in hand: 1)5♠ 2)Q♣ 3)K♦ 
Choose a card to play (1-3):
> 1

1 cards on the table, and the top card is 5♠
5♦ 10♠
Computer plays 10♠
Computer wins cards
Score: Player 2 - Computer 7
Cards: Player 9 - Computer 16

No cards on the table
Cards in hand: 1)Q♣ 2)K♦ 
Choose a card to play (1-2):
> 1

1 cards on the table, and the top card is Q♣
5♦
Computer plays 5♦

2 cards on the table, and the top card is 5♦
Cards in hand: 1)K♦ 
Choose a card to play (1-1):
> 1
Player wins cards
Score: Player 4 - Computer 7
Cards: Player 12 - Computer 16

No cards on the table
7♦ 3♣ 2♣ 8♠ 6♦ J♥
Computer plays 6♦

1 cards on the table, and the top card is 6♦
Cards in hand: 1)8♦ 2)6♥ 3)Q♠ 4)10♦ 5)A♥ 6)3♦ 
Choose a card to play (1-6):
> 2
Player wins cards
Score: Player 4 - Computer 7
Cards: Player 14 - Computer 16

No cards on the table
7♦ 3♣ 2♣ 8♠ J♥
Computer plays 2♣

1 cards on the table, and the top card is 2♣
Cards in hand: 1)8♦ 2)Q♠ 3)10♦ 4)A♥ 5)3♦ 
Choose a card to play (1-5):
> 1

2 cards on the table, and the top card is 8♦
7♦ 3♣ 8♠ J♥
Computer plays 8♠
Computer wins cards
Score: Player 4 - Computer 7
Cards: Player 14 - Computer 19

No cards on the table
Cards in hand: 1)Q♠ 2)10♦ 3)A♥ 4)3♦ 
Choose a card to play (1-4):
> 2

1 cards on the table, and the top card is 10♦
7♦ 3♣ J♥
Computer plays 7♦
Computer wins cards
Score: Player 4 - Computer 8
Cards: Player 14 - Computer 21

No cards on the table
Cards in hand: 1)Q♠ 2)A♥ 3)3♦ 
Choose a card to play (1-3):
> 1

1 cards on the table, and the top card is Q♠
3♣ J♥
Computer plays J♥

2 cards on the table, and the top card is J♥
Cards in hand: 1)A♥ 2)3♦ 
Choose a card to play (1-2):
> 1
Player wins cards
Score: Player 7 - Computer 8
Cards: Player 17 - Computer 21

No cards on the table
3♣
Computer plays 3♣

1 cards on the table, and the top card is 3♣
Cards in hand: 1)3♦ 
Choose a card to play (1-1):
> 1
Player wins cards
Score: Player 7 - Computer 8
Cards: Player 19 - Computer 21

No cards on the table
4♠ 7♥ Q♥ K♣ A♣ 8♥
Computer plays 7♥

1 cards on the table, and the top card is 7♥
Cards in hand: 1)K♠ 2)4♦ 3)4♣ 4)2♥ 5)7♠ 6)A♠ 
Choose a card to play (1-6):
> 1

2 cards on the table, and the top card is K♠
4♠ Q♥ K♣ A♣ 8♥
Computer plays K♣
Computer wins cards
Score: Player 7 - Computer 10
Cards: Player 19 - Computer 24

No cards on the table
Cards in hand: 1)4♦ 2)4♣ 3)2♥ 4)7♠ 5)A♠ 
Choose a card to play (1-5):
> 4

1 cards on the table, and the top card is 7♠
4♠ Q♥ A♣ 8♥
Computer plays 4♠
Computer wins cards
Score: Player 7 - Computer 10
Cards: Player 19 - Computer 26

No cards on the table
Cards in hand: 1)4♦ 2)4♣ 3)2♥ 4)A♠ 
Choose a card to play (1-4):
> 1

1 cards on the table, and the top card is 4♦
Q♥ A♣ 8♥
Computer plays 8♥

2 cards on the table, and the top card is 8♥
Cards in hand: 1)4♣ 2)2♥ 3)A♠ 
Choose a card to play (1-3):
> 1

3 cards on the table, and the top card is 4♣
Q♥ A♣
Computer plays A♣
Computer wins cards
Score: Player 7 - Computer 11
Cards: Player 19 - Computer 30

No cards on the table
Cards in hand: 1)2♥ 2)A♠ 
Choose a card to play (1-2):
> 1

1 cards on the table, and the top card is 2♥
Q♥
Computer plays Q♥
Computer wins cards
Score: Player 7 - Computer 12
Cards: Player 19 - Computer 32

No cards on the table
Cards in hand: 1)A♠ 
Choose a card to play (1-1):
> 1

1 cards on the table, and the top card is A♠
Score: Player 7 - Computer 16
Cards: Player 19 - Computer 33
Game Over
Indigo Card Game
Play first?
> no
Initial cards on the table: 6♣ 2♣ K♠ 3♥

4 cards on the table, and the top card is 3♥
Q♠ A♣ K♣ 10♠ 5♣ Q♣
Computer plays Q♠

5 cards on the table, and the top card is Q♠
Cards in hand: 1)Q♦ 2)A♦ 3)10♣ 4)3♠ 5)5♠ 6)4♦ 
Choose a card to play (1-6):
> 4
Player wins cards
Score: Player 2 - Computer 0
Cards: Player 6 - Computer 0

No cards on the table
A♣ K♣ 10♠ 5♣ Q♣
Computer plays Q♣

1 cards on the table, and the top card is Q♣
Cards in hand: 1)Q♦ 2)A♦ 3)10♣ 4)5♠ 5)4♦ 
Choose a card to play (1-5):
> 1
Player wins cards
Score: Player 4 - Computer 0
Cards: Player 8 - Computer 0

No cards on the table
A♣ K♣ 10♠ 5♣
Computer plays A♣

1 cards on the table, and the top card is A♣
Cards in hand: 1)A♦ 2)10♣ 3)5♠ 4)4♦ 
Choose a card to play (1-4):
> 1
Player wins cards
Score: Player 6 - Computer 0
Cards: Player 10 - Computer 0

No cards on the table
K♣ 10♠ 5♣
Computer plays K♣

1 cards on the table, and the top card is K♣
Cards in hand: 1)10♣ 2)5♠ 3)4♦ 
Choose a card to play (1-3):
> 1
Player wins cards
Score: Player 8 - Computer 0
Cards: Player 12 - Computer 0

No cards on the table
10♠ 5♣
Computer plays 10♠

1 cards on the table, and the top card is 10♠
Cards in hand: 1)5♠ 2)4♦ 
Choose a card to play (1-2):
> 1
Player wins cards
Score: Player 9 - Computer 0
Cards: Player 14 - Computer 0

No cards on the table
5♣
Computer plays 5♣

1 cards on the table, and the top card is 5♣
Cards in hand: 1)4♦ 
Choose a card to play (1-1):
> 1

2 cards on the table, and the top card is 4♦
2♠ 9♣ 9♠ K♥ 7♦ 4♠
Computer plays 4♠
Computer wins cards
Score: Player 9 - Computer 0
Cards: Player 14 - Computer 3

No cards on the table
Cards in hand: 1)7♠ 2)Q♥ 3)6♥ 4)5♦ 5)4♥ 6)7♥ 
Choose a card to play (1-6):
> 2

1 cards on the table, and the top card is Q♥
2♠ 9♣ 9♠ K♥ 7♦
Computer plays K♥
Computer wins cards
Score: Player 9 - Computer 2
Cards: Player 14 - Computer 5

No cards on the table
Cards in hand: 1)7♠ 2)6♥ 3)5♦ 4)4♥ 5)7♥ 
Choose a card to play (1-5):
> 2

1 cards on the table, and the top card is 6♥
2♠ 9♣ 9♠ 7♦
Computer plays 9♠

2 cards on the table, and the top card is 9♠
Cards in hand: 1)7♠ 2)5♦ 3)4♥ 4)7♥ 
Choose a card to play (1-4):
> 3

3 cards on the table, and the top card is 4♥
2♠ 9♣ 7♦
Computer plays 7♦

4 cards on the table, and the top card is 7♦
Cards in hand: 1)7♠ 2)5♦ 3)7♥ 
Choose a card to play (1-3):
> 1
Player wins cards
Score: Player 9 - Computer 2
Cards: Player 19 - Computer 5

No cards on the table
2♠ 9♣
Computer plays 2♠

1 cards on the table, and the top card is 2♠
Cards in hand: 1)5♦ 2)7♥ 
Choose a card to play (1-2):
> 1

2 cards on the table, and the top card is 5♦
9♣
Computer plays 9♣

3 cards on the table, and the top card is 9♣
Cards in hand: 1)7♥ 
Choose a card to play (1-1):
> 1

4 cards on the table, and the top card is 7♥
9♥ J♠ 9♦ 2♦ J♦ 2♥
Computer plays 9♥
Computer wins cards
Score: Player 9 - Computer 2
Cards: Player 19 - Computer 10

No cards on the table
Cards in hand: 1)A♥ 2)5♥ 3)3♦ 4)8♠ 5)8♦ 6)6♠ 
Choose a card to play (1-6):
> 4

1 cards on the table, and the top card is 8♠
J♠ 9♦ 2♦ J♦ 2♥
Computer plays J♠
Computer wins cards
Score: Player 9 - Computer 3
Cards: Player 19 - Computer 12

No cards on the table
Cards in hand: 1)A♥ 2)5♥ 3)3♦ 4)8♦ 5)6♠ 
Choose a card to play (1-5):
> 1

1 cards on the table, and the top card is A♥
9♦ 2♦ J♦ 2♥
Computer plays 2♥
Computer wins cards
Score: Player 9 - Computer 4
Cards: Player 19 - Computer 14

No cards on the table
Cards in hand: 1)5♥ 2)3♦ 3)8♦ 4)6♠ 
Choose a card to play (1-4):
> 2

1 cards on the table, and the top card is 3♦
9♦ 2♦ J♦
Computer plays J♦
Computer wins cards
Score: Player 9 - Computer 5
Cards: Player 19 - Computer 16

No cards on the table
Cards in hand: 1)5♥ 2)8♦ 3)6♠ 
Choose a card to play (1-3):
> 1

1 cards on the table, and the top card is 5♥
9♦ 2♦
Computer plays 2♦

2 cards on the table, and the top card is 2♦
Cards in hand: 1)8♦ 2)6♠ 
Choose a card to play (1-2):
> 1
Player wins cards
Score: Player 9 - Computer 5
Cards: Player 22 - Computer 16

No cards on the table
9♦
Computer plays 9♦

1 cards on the table, and the top card is 9♦
Cards in hand: 1)6♠ 
Choose a card to play (1-1):
> 1

2 cards on the table, and the top card is 6♠
A♠ 4♣ J♥ 6♦ 7♣ 10♦
Computer plays A♠
Computer wins cards
Score: Player 9 - Computer 6
Cards: Player 22 - Computer 19

No cards on the table
Cards in hand: 1)10♥ 2)8♥ 3)K♦ 4)3♣ 5)J♣ 6)8♣ 
Choose a card to play (1-6):
> 1

1 cards on the table, and the top card is 10♥
4♣ J♥ 6♦ 7♣ 10♦
Computer plays 10♦
Computer wins cards
Score: Player 9 - Computer 8
Cards: Player 22 - Computer 21

No cards on the table
Cards in hand: 1)8♥ 2)K♦ 3)3♣ 4)J♣ 5)8♣ 
Choose a card to play (1-5):
> 3

1 cards on the table, and the top card is 3♣
4♣ J♥ 6♦ 7♣
Computer plays 4♣
Computer wins cards
Score: Player 9 - Computer 8
Cards: Player 22 - Computer 23

No cards on the table
Cards in hand: 1)8♥ 2)K♦ 3)J♣ 4)8♣ 
Choose a card to play (1-4):
> 3

1 cards on the table, and the top card is J♣
J♥ 6♦ 7♣
Computer plays 7♣
Computer wins cards
Score: Player 9 - Computer 9
Cards: Player 22 - Computer 25

No cards on the table
Cards in hand: 1)8♥ 2)K♦ 3)8♣ 
Choose a card to play (1-3):
> 1

1 cards on the table, and the top card is 8♥
J♥ 6♦
Computer plays J♥
Computer wins cards
Score: Player 9 - Computer 10
Cards: Player 22 - Computer 27

No cards on the table
Cards in hand: 1)K♦ 2)8♣ 
Choose a card to play (1-2):
> 1

1 cards on the table, and the top card is K♦
6♦
Computer plays 6♦
Computer wins cards
Score: Player 9 - Computer 11
Cards: Player 22 - Computer 29

No cards on the table
Cards in hand: 1)8♣ 
Choose a card to play (1-1):
> 1

1 cards on the table, and the top card is 8♣
Score: Player 9 - Computer 14
Cards: Player 22 - Computer 30
Game Over
Indigo Card Game
Play first?
> no
Initial cards on the table: 4♠ 6♥ J♦ 2♠

4 cards on the table, and the top card is 2♠
9♣ 3♥ J♣ 8♦ 2♣ A♠
Computer plays A♠
Computer wins cards
Score: Player 0 - Computer 2
Cards: Player 0 - Computer 5

No cards on the table
Cards in hand: 1)3♣ 2)2♦ 3)7♠ 4)5♥ 5)7♣ 6)7♥ 
Choose a card to play (1-6):
> 4

1 cards on the table, and the top card is 5♥
9♣ 3♥ J♣ 8♦ 2♣
Computer plays 3♥
Computer wins cards
Score: Player 0 - Computer 2
Cards: Player 0 - Computer 7

No cards on the table
Cards in hand: 1)3♣ 2)2♦ 3)7♠ 4)7♣ 5)7♥ 
Choose a card to play (1-5):
> 1

1 cards on the table, and the top card is 3♣
9♣ J♣ 8♦ 2♣
Computer plays 2♣
Computer wins cards
Score: Player 0 - Computer 2
Cards: Player 0 - Computer 9

No cards on the table
Cards in hand: 1)2♦ 2)7♠ 3)7♣ 4)7♥ 
Choose a card to play (1-4):
> 2

1 cards on the table, and the top card is 7♠
9♣ J♣ 8♦
Computer plays 9♣

2 cards on the table, and the top card is 9♣
Cards in hand: 1)2♦ 2)7♣ 3)7♥ 
Choose a card to play (1-3):
> 2
Player wins cards
Score: Player 0 - Computer 2
Cards: Player 3 - Computer 9

No cards on the table
J♣ 8♦
Computer plays J♣

1 cards on the table, and the top card is J♣
Cards in hand: 1)2♦ 2)7♥ 
Choose a card to play (1-2):
> 1

2 cards on the table, and the top card is 2♦
8♦
Computer plays 8♦
Computer wins cards
Score: Player 0 - Computer 3
Cards: Player 3 - Computer 12

No cards on the table
Cards in hand: 1)7♥ 
Choose a card to play (1-1):
> 1

1 cards on the table, and the top card is 7♥
8♠ A♣ A♥ 10♠ 5♣ 9♥
Computer plays A♥
Computer wins cards
Score: Player 0 - Computer 4
Cards: Player 3 - Computer 14

No cards on the table
Cards in hand: 1)9♠ 2)10♣ 3)K♣ 4)6♠ 5)K♥ 6)6♣ 
Choose a card to play (1-6):
> 1

1 cards on the table, and the top card is 9♠
8♠ A♣ 10♠ 5♣ 9♥
Computer plays 10♠
Computer wins cards
Score: Player 0 - Computer 5
Cards: Player 3 - Computer 16

No cards on the table
Cards in hand: 1)10♣ 2)K♣ 3)6♠ 4)K♥ 5)6♣ 
Choose a card to play (1-5):
> 1

1 cards on the table, and the top card is 10♣
8♠ A♣ 5♣ 9♥
Computer plays A♣
Computer wins cards
Score: Player 0 - Computer 7
Cards: Player 3 - Computer 18

No cards on the table
Cards in hand: 1)K♣ 2)6♠ 3)K♥ 4)6♣ 
Choose a card to play (1-4):
> 1

1 cards on the table, and the top card is K♣
8♠ 5♣ 9♥
Computer plays 5♣
Computer wins cards
Score: Player 0 - Computer 8
Cards: Player 3 - Computer 20

No cards on the table
Cards in hand: 1)6♠ 2)K♥ 3)6♣ 
Choose a card to play (1-3):
> 1

1 cards on the table, and the top card is 6♠
8♠ 9♥
Computer plays 8♠
Computer wins cards
Score: Player 0 - Computer 8
Cards: Player 3 - Computer 22

No cards on the table
Cards in hand: 1)K♥ 2)6♣ 
Choose a card to play (1-2):
> 1

1 cards on the table, and the top card is K♥
9♥
Computer plays 9♥
Computer wins cards
Score: Player 0 - Computer 9
Cards: Player 3 - Computer 24

No cards on the table
Cards in hand: 1)6♣ 
Choose a card to play (1-1):
> 1

1 cards on the table, and the top card is 6♣
7♦ Q♦ 5♠ 10♦ K♠ K♦
Computer plays K♠

2 cards on the table, and the top card is K♠
Cards in hand: 1)10♥ 2)3♠ 3)J♠ 4)4♣ 5)Q♣ 6)5♦ 
Choose a card to play (1-6):
> 2
Player wins cards
Score: Player 1 - Computer 9
Cards: Player 6 - Computer 24

No cards on the table
7♦ Q♦ 5♠ 10♦ K♦
Computer plays Q♦

1 cards on the table, and the top card is Q♦
Cards in hand: 1)10♥ 2)J♠ 3)4♣ 4)Q♣ 5)5♦ 
Choose a card to play (1-5):
> 3

2 cards on the table, and the top card is 4♣
7♦ 5♠ 10♦ K♦
Computer plays K♦

3 cards on the table, and the top card is K♦
Cards in hand: 1)10♥ 2)J♠ 3)Q♣ 4)5♦ 
Choose a card to play (1-4):
> 1

4 cards on the table, and the top card is 10♥
7♦ 5♠ 10♦
Computer plays 10♦
Computer wins cards
Score: Player 1 - Computer 13
Cards: Player 6 - Computer 29

No cards on the table
Cards in hand: 1)J♠ 2)Q♣ 3)5♦ 
Choose a card to play (1-3):
> 1

1 cards on the table, and the top card is J♠
7♦ 5♠
Computer plays 5♠
Computer wins cards
Score: Player 1 - Computer 14
Cards: Player 6 - Computer 31

No cards on the table
Cards in hand: 1)Q♣ 2)5♦ 
Choose a card to play (1-2):
> 1

1 cards on the table, and the top card is Q♣
7♦
Computer plays 7♦

2 cards on the table, and the top card is 7♦
Cards in hand: 1)5♦ 
Choose a card to play (1-1):
> 1
Player wins cards
Score: Player 2 - Computer 14
Cards: Player 9 - Computer 31

No cards on the table
8♥ 2♥ 8♣ 4♦ 4♥ J♥
Computer plays 8♥

1 cards on the table, and the top card is 8♥
Cards in hand: 1)6♦ 2)A♦ 3)Q♥ 4)9♦ 5)3♦ 6)Q♠ 
Choose a card to play (1-6):
> 1

2 cards on the table, and the top card is 6♦
2♥ 8♣ 4♦ 4♥ J♥
Computer plays 4♦
Computer wins cards
Score: Player 2 - Computer 14
Cards: Player 9 - Computer 34

No cards on the table
Cards in hand: 1)A♦ 2)Q♥ 3)9♦ 4)3♦ 5)Q♠ 
Choose a card to play (1-5):
> 1

1 cards on the table, and the top card is A♦
2♥ 8♣ 4♥ J♥
Computer plays 4♥

2 cards on the table, and the top card is 4♥
Cards in hand: 1)Q♥ 2)9♦ 3)3♦ 4)Q♠ 
Choose a card to play (1-4):
> 2

3 cards on the table, and the top card is 9♦
2♥ 8♣ J♥
Computer plays 2♥

4 cards on the table, and the top card is 2♥
Cards in hand: 1)Q♥ 2)3♦ 3)Q♠ 
Choose a card to play (1-3):
> 1
Player wins cards
Score: Player 4 - Computer 14
Cards: Player 14 - Computer 34

No cards on the table
8♣ J♥
Computer plays 8♣

1 cards on the table, and the top card is 8♣
Cards in hand: 1)3♦ 2)Q♠ 
Choose a card to play (1-2):
> 1

2 cards on the table, and the top card is 3♦
J♥
Computer plays J♥

3 cards on the table, and the top card is J♥
Cards in hand: 1)Q♠ 
Choose a card to play (1-1):
> 1

4 cards on the table, and the top card is Q♠
Score: Player 6 - Computer 17
Cards: Player 18 - Computer 34
Game Over
?[1;31m
Start test 4?[0m
Indigo Card Game
Play first?
> yes
Initial cards on the table: 4♥ 4♦ A♣ 9♣

4 cards on the table, and the top card is 9♣
Cards in hand: 1)8♦ 2)6♠ 3)9♠ 4)6♦ 5)7♣ 6)8♥ 
Choose a card to play (1-6):
> 0
Choose a card to play (1-6):
> 7
Choose a card to play (1-6):
> One
Choose a card to play (1-6):
> exit
Game Over
]]></system-out>
  <system-err><![CDATA[]]></system-err>
</testsuite>
